09:23:15,560 INFO  [org.alfresco.web.site.EditionInterceptor] Unable to retrieve License information from Alfresco: 498
09:23:16,469 WARN  [org.springframework.extensions.surf.persister.AbstractStoreObjectPersister] Failure to load model object for path: chrome/.keepme
org.springframework.extensions.surf.exception.ModelObjectPersisterException: Failure to load model object for path: chrome/.keepme
	at org.springframework.extensions.surf.persister.ReadOnlyStoreObjectPersister.getObjectByPath(ReadOnlyStoreObjectPersister.java:613)
	at org.springframework.extensions.surf.persister.AbstractStoreObjectPersister.getObjectsFromPaths(AbstractStoreObjectPersister.java:369)
	at org.springframework.extensions.surf.persister.AbstractStoreObjectPersister.getAllObjects(AbstractStoreObjectPersister.java:306)
	at org.springframework.extensions.surf.persister.MultiObjectPersister.getAllObjects(MultiObjectPersister.java:346)
	at org.springframework.extensions.surf.ObjectPersistenceService.getAllObjects(ObjectPersistenceService.java:341)
	at org.springframework.extensions.surf.ModelObjectService.getAllObjects(ModelObjectService.java:602)
	at org.springframework.extensions.surf.ModuleDeploymentService.getAllConfiguredExtensionModules(ModuleDeploymentService.java:112)
	at org.springframework.extensions.surf.ModuleDeploymentService.getDeployedModules(ModuleDeploymentService.java:139)
	at org.springframework.extensions.surf.extensibility.impl.BasicExtensibilityModuleHandler.evaluateModules(BasicExtensibilityModuleHandler.java:240)
	at org.springframework.extensions.surf.support.AbstractRequestContext.getEvaluatedModules(AbstractRequestContext.java:929)
	at org.springframework.extensions.surf.support.AbstractRequestContext.getExtendingModuleFiles(AbstractRequestContext.java:950)
	at org.springframework.extensions.webscripts.WebTemplateProcessor.executeScriptBodyExtensions(WebTemplateProcessor.java:235)
	at org.springframework.extensions.webscripts.WebTemplateProcessor.executeBody(WebTemplateProcessor.java:333)
	at org.springframework.extensions.surf.render.AbstractProcessor.execute(AbstractProcessor.java:57)
	at org.springframework.extensions.surf.render.RenderService.processTemplate(RenderService.java:722)
	at org.springframework.extensions.surf.render.bean.TemplateInstanceRenderer.calculateComponentDependencies(TemplateInstanceRenderer.java:61)
	at org.springframework.extensions.surf.render.bean.TemplateInstanceRenderer.body(TemplateInstanceRenderer.java:118)
	at org.springframework.extensions.surf.render.AbstractRenderer.render(AbstractRenderer.java:77)
	at org.springframework.extensions.surf.render.bean.PageRenderer.body(PageRenderer.java:85)
	at org.springframework.extensions.surf.render.AbstractRenderer.render(AbstractRenderer.java:77)
	at org.springframework.extensions.surf.render.RenderService.renderPage(RenderService.java:763)
	at org.springframework.extensions.surf.mvc.PageView.dispatchPage(PageView.java:419)
	at org.springframework.extensions.surf.mvc.PageView.renderView(PageView.java:258)
	at org.springframework.extensions.surf.mvc.AbstractWebFrameworkView.renderMergedOutputModel(AbstractWebFrameworkView.java:316)
	at org.springframework.web.servlet.view.AbstractView.render(AbstractView.java:250)
	at org.springframework.web.servlet.DispatcherServlet.render(DispatcherServlet.java:1047)
	at org.springframework.web.servlet.DispatcherServlet.doDispatch(DispatcherServlet.java:817)
	at org.springframework.web.servlet.DispatcherServlet.doService(DispatcherServlet.java:719)
	at org.springframework.web.servlet.FrameworkServlet.processRequest(FrameworkServlet.java:644)
	at org.springframework.web.servlet.FrameworkServlet.doGet(FrameworkServlet.java:549)
	at javax.servlet.http.HttpServlet.service(HttpServlet.java:707)
	at javax.servlet.http.HttpServlet.service(HttpServlet.java:820)
	at org.mortbay.jetty.servlet.ServletHolder.handle(ServletHolder.java:511)
	at org.mortbay.jetty.servlet.ServletHandler$CachedChain.doFilter(ServletHandler.java:1166)
	at org.alfresco.web.site.servlet.MTAuthenticationFilter.doFilter(MTAuthenticationFilter.java:74)
	at org.mortbay.jetty.servlet.ServletHandler$CachedChain.doFilter(ServletHandler.java:1157)
	at org.alfresco.web.site.servlet.SSOAuthenticationFilter.doFilter(SSOAuthenticationFilter.java:307)
	at org.mortbay.jetty.servlet.ServletHandler$CachedChain.doFilter(ServletHandler.java:1157)
	at org.mortbay.jetty.servlet.ServletHandler.handle(ServletHandler.java:388)
	at org.mortbay.jetty.security.SecurityHandler.handle(SecurityHandler.java:216)
	at org.mortbay.jetty.servlet.SessionHandler.handle(SessionHandler.java:182)
	at org.mortbay.jetty.handler.ContextHandler.handle(ContextHandler.java:765)
	at org.mortbay.jetty.webapp.WebAppContext.handle(WebAppContext.java:418)
	at org.mortbay.jetty.handler.ContextHandlerCollection.handle(ContextHandlerCollection.java:230)
	at org.mortbay.jetty.handler.HandlerCollection.handle(HandlerCollection.java:114)
	at org.mortbay.jetty.handler.HandlerWrapper.handle(HandlerWrapper.java:152)
	at org.mortbay.jetty.Server.handle(Server.java:326)
	at org.mortbay.jetty.HttpConnection.handleRequest(HttpConnection.java:536)
	at org.mortbay.jetty.HttpConnection$RequestHandler.headerComplete(HttpConnection.java:915)
	at org.mortbay.jetty.HttpParser.parseNext(HttpParser.java:539)
	at org.mortbay.jetty.HttpParser.parseAvailable(HttpParser.java:212)
	at org.mortbay.jetty.HttpConnection.handle(HttpConnection.java:405)
	at org.mortbay.io.nio.SelectChannelEndPoint.run(SelectChannelEndPoint.java:409)
	at org.mortbay.thread.QueuedThreadPool$PoolThread.run(QueuedThreadPool.java:582)
Caused by: org.dom4j.DocumentException: Error on line 1 of document  : Premature end of file. Nested exception: Premature end of file.
	at org.dom4j.io.SAXReader.read(SAXReader.java:482)
	at org.dom4j.DocumentHelper.parseText(DocumentHelper.java:278)
	at org.springframework.extensions.surf.util.XMLUtil.parse(XMLUtil.java:220)
	at org.springframework.extensions.surf.util.XMLUtil.parse(XMLUtil.java:236)
	at org.springframework.extensions.surf.persister.ReadOnlyStoreObjectPersister.getObjectByPath(ReadOnlyStoreObjectPersister.java:587)
	... 53 more
09:23:16,671 WARN  [org.springframework.extensions.surf.persister.AbstractStoreObjectPersister] Failure to load model object for path: content-associations/.keepme
org.springframework.extensions.surf.exception.ModelObjectPersisterException: Failure to load model object for path: content-associations/.keepme
	at org.springframework.extensions.surf.persister.ReadOnlyStoreObjectPersister.getObjectByPath(ReadOnlyStoreObjectPersister.java:613)
	at org.springframework.extensions.surf.persister.AbstractStoreObjectPersister.getObjectsFromPaths(AbstractStoreObjectPersister.java:369)
	at org.springframework.extensions.surf.persister.AbstractStoreObjectPersister.getAllObjects(AbstractStoreObjectPersister.java:306)
	at org.springframework.extensions.surf.persister.MultiObjectPersister.getAllObjects(MultiObjectPersister.java:346)
	at org.springframework.extensions.surf.ObjectPersistenceService.getAllObjects(ObjectPersistenceService.java:341)
	at org.springframework.extensions.surf.ModelObjectService.getAllObjects(ModelObjectService.java:602)
	at org.springframework.extensions.surf.ModuleDeploymentService.getAllConfiguredExtensionModules(ModuleDeploymentService.java:112)
	at org.springframework.extensions.surf.ModuleDeploymentService.getDeployedModules(ModuleDeploymentService.java:139)
	at org.springframework.extensions.surf.extensibility.impl.BasicExtensibilityModuleHandler.evaluateModules(BasicExtensibilityModuleHandler.java:240)
	at org.springframework.extensions.surf.support.AbstractRequestContext.getEvaluatedModules(AbstractRequestContext.java:929)
	at org.springframework.extensions.surf.support.AbstractRequestContext.getExtendingModuleFiles(AbstractRequestContext.java:950)
	at org.springframework.extensions.webscripts.WebTemplateProcessor.executeScriptBodyExtensions(WebTemplateProcessor.java:235)
	at org.springframework.extensions.webscripts.WebTemplateProcessor.executeBody(WebTemplateProcessor.java:333)
	at org.springframework.extensions.surf.render.AbstractProcessor.execute(AbstractProcessor.java:57)
	at org.springframework.extensions.surf.render.RenderService.processTemplate(RenderService.java:722)
	at org.springframework.extensions.surf.render.bean.TemplateInstanceRenderer.calculateComponentDependencies(TemplateInstanceRenderer.java:61)
	at org.springframework.extensions.surf.render.bean.TemplateInstanceRenderer.body(TemplateInstanceRenderer.java:118)
	at org.springframework.extensions.surf.render.AbstractRenderer.render(AbstractRenderer.java:77)
	at org.springframework.extensions.surf.render.bean.PageRenderer.body(PageRenderer.java:85)
	at org.springframework.extensions.surf.render.AbstractRenderer.render(AbstractRenderer.java:77)
	at org.springframework.extensions.surf.render.RenderService.renderPage(RenderService.java:763)
	at org.springframework.extensions.surf.mvc.PageView.dispatchPage(PageView.java:419)
	at org.springframework.extensions.surf.mvc.PageView.renderView(PageView.java:258)
	at org.springframework.extensions.surf.mvc.AbstractWebFrameworkView.renderMergedOutputModel(AbstractWebFrameworkView.java:316)
	at org.springframework.web.servlet.view.AbstractView.render(AbstractView.java:250)
	at org.springframework.web.servlet.DispatcherServlet.render(DispatcherServlet.java:1047)
	at org.springframework.web.servlet.DispatcherServlet.doDispatch(DispatcherServlet.java:817)
	at org.springframework.web.servlet.DispatcherServlet.doService(DispatcherServlet.java:719)
	at org.springframework.web.servlet.FrameworkServlet.processRequest(FrameworkServlet.java:644)
	at org.springframework.web.servlet.FrameworkServlet.doGet(FrameworkServlet.java:549)
	at javax.servlet.http.HttpServlet.service(HttpServlet.java:707)
	at javax.servlet.http.HttpServlet.service(HttpServlet.java:820)
	at org.mortbay.jetty.servlet.ServletHolder.handle(ServletHolder.java:511)
	at org.mortbay.jetty.servlet.ServletHandler$CachedChain.doFilter(ServletHandler.java:1166)
	at org.alfresco.web.site.servlet.MTAuthenticationFilter.doFilter(MTAuthenticationFilter.java:74)
	at org.mortbay.jetty.servlet.ServletHandler$CachedChain.doFilter(ServletHandler.java:1157)
	at org.alfresco.web.site.servlet.SSOAuthenticationFilter.doFilter(SSOAuthenticationFilter.java:307)
	at org.mortbay.jetty.servlet.ServletHandler$CachedChain.doFilter(ServletHandler.java:1157)
	at org.mortbay.jetty.servlet.ServletHandler.handle(ServletHandler.java:388)
	at org.mortbay.jetty.security.SecurityHandler.handle(SecurityHandler.java:216)
	at org.mortbay.jetty.servlet.SessionHandler.handle(SessionHandler.java:182)
	at org.mortbay.jetty.handler.ContextHandler.handle(ContextHandler.java:765)
	at org.mortbay.jetty.webapp.WebAppContext.handle(WebAppContext.java:418)
	at org.mortbay.jetty.handler.ContextHandlerCollection.handle(ContextHandlerCollection.java:230)
	at org.mortbay.jetty.handler.HandlerCollection.handle(HandlerCollection.java:114)
	at org.mortbay.jetty.handler.HandlerWrapper.handle(HandlerWrapper.java:152)
	at org.mortbay.jetty.Server.handle(Server.java:326)
	at org.mortbay.jetty.HttpConnection.handleRequest(HttpConnection.java:536)
	at org.mortbay.jetty.HttpConnection$RequestHandler.headerComplete(HttpConnection.java:915)
	at org.mortbay.jetty.HttpParser.parseNext(HttpParser.java:539)
	at org.mortbay.jetty.HttpParser.parseAvailable(HttpParser.java:212)
	at org.mortbay.jetty.HttpConnection.handle(HttpConnection.java:405)
	at org.mortbay.io.nio.SelectChannelEndPoint.run(SelectChannelEndPoint.java:409)
	at org.mortbay.thread.QueuedThreadPool$PoolThread.run(QueuedThreadPool.java:582)
Caused by: org.dom4j.DocumentException: Error on line 1 of document  : Premature end of file. Nested exception: Premature end of file.
	at org.dom4j.io.SAXReader.read(SAXReader.java:482)
	at org.dom4j.DocumentHelper.parseText(DocumentHelper.java:278)
	at org.springframework.extensions.surf.util.XMLUtil.parse(XMLUtil.java:220)
	at org.springframework.extensions.surf.util.XMLUtil.parse(XMLUtil.java:236)
	at org.springframework.extensions.surf.persister.ReadOnlyStoreObjectPersister.getObjectByPath(ReadOnlyStoreObjectPersister.java:587)
	... 53 more
09:23:16,675 WARN  [org.springframework.extensions.surf.persister.AbstractStoreObjectPersister] Failure to load model object for path: page-associations/.keepme
org.springframework.extensions.surf.exception.ModelObjectPersisterException: Failure to load model object for path: page-associations/.keepme
	at org.springframework.extensions.surf.persister.ReadOnlyStoreObjectPersister.getObjectByPath(ReadOnlyStoreObjectPersister.java:613)
	at org.springframework.extensions.surf.persister.AbstractStoreObjectPersister.getObjectsFromPaths(AbstractStoreObjectPersister.java:369)
	at org.springframework.extensions.surf.persister.AbstractStoreObjectPersister.getAllObjects(AbstractStoreObjectPersister.java:306)
	at org.springframework.extensions.surf.persister.MultiObjectPersister.getAllObjects(MultiObjectPersister.java:346)
	at org.springframework.extensions.surf.ObjectPersistenceService.getAllObjects(ObjectPersistenceService.java:341)
	at org.springframework.extensions.surf.ModelObjectService.getAllObjects(ModelObjectService.java:602)
	at org.springframework.extensions.surf.ModuleDeploymentService.getAllConfiguredExtensionModules(ModuleDeploymentService.java:112)
	at org.springframework.extensions.surf.ModuleDeploymentService.getDeployedModules(ModuleDeploymentService.java:139)
	at org.springframework.extensions.surf.extensibility.impl.BasicExtensibilityModuleHandler.evaluateModules(BasicExtensibilityModuleHandler.java:240)
	at org.springframework.extensions.surf.support.AbstractRequestContext.getEvaluatedModules(AbstractRequestContext.java:929)
	at org.springframework.extensions.surf.support.AbstractRequestContext.getExtendingModuleFiles(AbstractRequestContext.java:950)
	at org.springframework.extensions.webscripts.WebTemplateProcessor.executeScriptBodyExtensions(WebTemplateProcessor.java:235)
	at org.springframework.extensions.webscripts.WebTemplateProcessor.executeBody(WebTemplateProcessor.java:333)
	at org.springframework.extensions.surf.render.AbstractProcessor.execute(AbstractProcessor.java:57)
	at org.springframework.extensions.surf.render.RenderService.processTemplate(RenderService.java:722)
	at org.springframework.extensions.surf.render.bean.TemplateInstanceRenderer.calculateComponentDependencies(TemplateInstanceRenderer.java:61)
	at org.springframework.extensions.surf.render.bean.TemplateInstanceRenderer.body(TemplateInstanceRenderer.java:118)
	at org.springframework.extensions.surf.render.AbstractRenderer.render(AbstractRenderer.java:77)
	at org.springframework.extensions.surf.render.bean.PageRenderer.body(PageRenderer.java:85)
	at org.springframework.extensions.surf.render.AbstractRenderer.render(AbstractRenderer.java:77)
	at org.springframework.extensions.surf.render.RenderService.renderPage(RenderService.java:763)
	at org.springframework.extensions.surf.mvc.PageView.dispatchPage(PageView.java:419)
	at org.springframework.extensions.surf.mvc.PageView.renderView(PageView.java:258)
	at org.springframework.extensions.surf.mvc.AbstractWebFrameworkView.renderMergedOutputModel(AbstractWebFrameworkView.java:316)
	at org.springframework.web.servlet.view.AbstractView.render(AbstractView.java:250)
	at org.springframework.web.servlet.DispatcherServlet.render(DispatcherServlet.java:1047)
	at org.springframework.web.servlet.DispatcherServlet.doDispatch(DispatcherServlet.java:817)
	at org.springframework.web.servlet.DispatcherServlet.doService(DispatcherServlet.java:719)
	at org.springframework.web.servlet.FrameworkServlet.processRequest(FrameworkServlet.java:644)
	at org.springframework.web.servlet.FrameworkServlet.doGet(FrameworkServlet.java:549)
	at javax.servlet.http.HttpServlet.service(HttpServlet.java:707)
	at javax.servlet.http.HttpServlet.service(HttpServlet.java:820)
	at org.mortbay.jetty.servlet.ServletHolder.handle(ServletHolder.java:511)
	at org.mortbay.jetty.servlet.ServletHandler$CachedChain.doFilter(ServletHandler.java:1166)
	at org.alfresco.web.site.servlet.MTAuthenticationFilter.doFilter(MTAuthenticationFilter.java:74)
	at org.mortbay.jetty.servlet.ServletHandler$CachedChain.doFilter(ServletHandler.java:1157)
	at org.alfresco.web.site.servlet.SSOAuthenticationFilter.doFilter(SSOAuthenticationFilter.java:307)
	at org.mortbay.jetty.servlet.ServletHandler$CachedChain.doFilter(ServletHandler.java:1157)
	at org.mortbay.jetty.servlet.ServletHandler.handle(ServletHandler.java:388)
	at org.mortbay.jetty.security.SecurityHandler.handle(SecurityHandler.java:216)
	at org.mortbay.jetty.servlet.SessionHandler.handle(SessionHandler.java:182)
	at org.mortbay.jetty.handler.ContextHandler.handle(ContextHandler.java:765)
	at org.mortbay.jetty.webapp.WebAppContext.handle(WebAppContext.java:418)
	at org.mortbay.jetty.handler.ContextHandlerCollection.handle(ContextHandlerCollection.java:230)
	at org.mortbay.jetty.handler.HandlerCollection.handle(HandlerCollection.java:114)
	at org.mortbay.jetty.handler.HandlerWrapper.handle(HandlerWrapper.java:152)
	at org.mortbay.jetty.Server.handle(Server.java:326)
	at org.mortbay.jetty.HttpConnection.handleRequest(HttpConnection.java:536)
	at org.mortbay.jetty.HttpConnection$RequestHandler.headerComplete(HttpConnection.java:915)
	at org.mortbay.jetty.HttpParser.parseNext(HttpParser.java:539)
	at org.mortbay.jetty.HttpParser.parseAvailable(HttpParser.java:212)
	at org.mortbay.jetty.HttpConnection.handle(HttpConnection.java:405)
	at org.mortbay.io.nio.SelectChannelEndPoint.run(SelectChannelEndPoint.java:409)
	at org.mortbay.thread.QueuedThreadPool$PoolThread.run(QueuedThreadPool.java:582)
Caused by: org.dom4j.DocumentException: Error on line 1 of document  : Premature end of file. Nested exception: Premature end of file.
	at org.dom4j.io.SAXReader.read(SAXReader.java:482)
	at org.dom4j.DocumentHelper.parseText(DocumentHelper.java:278)
	at org.springframework.extensions.surf.util.XMLUtil.parse(XMLUtil.java:220)
	at org.springframework.extensions.surf.util.XMLUtil.parse(XMLUtil.java:236)
	at org.springframework.extensions.surf.persister.ReadOnlyStoreObjectPersister.getObjectByPath(ReadOnlyStoreObjectPersister.java:587)
	... 53 more
09:23:17,379 INFO  [org.alfresco.web.site.EditionInterceptor] Unable to retrieve License information from Alfresco: 500
09:23:22,590 INFO  [org.alfresco.web.site.EditionInterceptor] Unable to retrieve License information from Alfresco: 500
09:23:22,599 INFO  [org.alfresco.web.site.EditionInterceptor] Unable to retrieve License information from Alfresco: 500
09:30:47,463 INFO  [org.alfresco.web.site.EditionInterceptor] Successfully retrieved license information from Alfresco.
09:30:49,555 WARN  [org.springframework.extensions.surf.persister.AbstractStoreObjectPersister] Failure to load model object for path: chrome/.keepme
org.springframework.extensions.surf.exception.ModelObjectPersisterException: Failure to load model object for path: chrome/.keepme
	at org.springframework.extensions.surf.persister.ReadOnlyStoreObjectPersister.getObjectByPath(ReadOnlyStoreObjectPersister.java:613)
	at org.springframework.extensions.surf.persister.AbstractStoreObjectPersister.getObjectsFromPaths(AbstractStoreObjectPersister.java:369)
	at org.springframework.extensions.surf.persister.AbstractStoreObjectPersister.getAllObjects(AbstractStoreObjectPersister.java:306)
	at org.springframework.extensions.surf.persister.MultiObjectPersister.getAllObjects(MultiObjectPersister.java:346)
	at org.springframework.extensions.surf.ObjectPersistenceService.getAllObjects(ObjectPersistenceService.java:341)
	at org.springframework.extensions.surf.ModelObjectService.getAllObjects(ModelObjectService.java:602)
	at org.springframework.extensions.surf.ModuleDeploymentService.getAllConfiguredExtensionModules(ModuleDeploymentService.java:112)
	at org.springframework.extensions.surf.ModuleDeploymentService.getDeployedModules(ModuleDeploymentService.java:139)
	at org.springframework.extensions.surf.extensibility.impl.BasicExtensibilityModuleHandler.evaluateModules(BasicExtensibilityModuleHandler.java:240)
	at org.springframework.extensions.surf.support.AbstractRequestContext.getEvaluatedModules(AbstractRequestContext.java:929)
	at org.springframework.extensions.surf.support.AbstractRequestContext.getExtendingModuleFiles(AbstractRequestContext.java:950)
	at org.springframework.extensions.webscripts.WebTemplateProcessor.executeScriptBodyExtensions(WebTemplateProcessor.java:235)
	at org.springframework.extensions.webscripts.WebTemplateProcessor.executeBody(WebTemplateProcessor.java:333)
	at org.springframework.extensions.surf.render.AbstractProcessor.execute(AbstractProcessor.java:57)
	at org.springframework.extensions.surf.render.RenderService.processTemplate(RenderService.java:722)
	at org.springframework.extensions.surf.render.bean.TemplateInstanceRenderer.calculateComponentDependencies(TemplateInstanceRenderer.java:61)
	at org.springframework.extensions.surf.render.bean.TemplateInstanceRenderer.body(TemplateInstanceRenderer.java:118)
	at org.springframework.extensions.surf.render.AbstractRenderer.render(AbstractRenderer.java:77)
	at org.springframework.extensions.surf.render.bean.PageRenderer.body(PageRenderer.java:85)
	at org.springframework.extensions.surf.render.AbstractRenderer.render(AbstractRenderer.java:77)
	at org.springframework.extensions.surf.render.RenderService.renderPage(RenderService.java:763)
	at org.springframework.extensions.surf.mvc.PageView.dispatchPage(PageView.java:419)
	at org.springframework.extensions.surf.mvc.PageView.renderView(PageView.java:314)
	at org.springframework.extensions.surf.mvc.AbstractWebFrameworkView.renderMergedOutputModel(AbstractWebFrameworkView.java:316)
	at org.springframework.web.servlet.view.AbstractView.render(AbstractView.java:250)
	at org.springframework.web.servlet.DispatcherServlet.render(DispatcherServlet.java:1047)
	at org.springframework.web.servlet.DispatcherServlet.doDispatch(DispatcherServlet.java:817)
	at org.springframework.web.servlet.DispatcherServlet.doService(DispatcherServlet.java:719)
	at org.springframework.web.servlet.FrameworkServlet.processRequest(FrameworkServlet.java:644)
	at org.springframework.web.servlet.FrameworkServlet.doGet(FrameworkServlet.java:549)
	at javax.servlet.http.HttpServlet.service(HttpServlet.java:707)
	at javax.servlet.http.HttpServlet.service(HttpServlet.java:820)
	at org.mortbay.jetty.servlet.ServletHolder.handle(ServletHolder.java:511)
	at org.mortbay.jetty.servlet.ServletHandler$CachedChain.doFilter(ServletHandler.java:1166)
	at org.alfresco.web.site.servlet.MTAuthenticationFilter.doFilter(MTAuthenticationFilter.java:74)
	at org.mortbay.jetty.servlet.ServletHandler$CachedChain.doFilter(ServletHandler.java:1157)
	at org.alfresco.web.site.servlet.SSOAuthenticationFilter.doFilter(SSOAuthenticationFilter.java:307)
	at org.mortbay.jetty.servlet.ServletHandler$CachedChain.doFilter(ServletHandler.java:1157)
	at org.mortbay.jetty.servlet.ServletHandler.handle(ServletHandler.java:388)
	at org.mortbay.jetty.security.SecurityHandler.handle(SecurityHandler.java:216)
	at org.mortbay.jetty.servlet.SessionHandler.handle(SessionHandler.java:182)
	at org.mortbay.jetty.handler.ContextHandler.handle(ContextHandler.java:765)
	at org.mortbay.jetty.webapp.WebAppContext.handle(WebAppContext.java:418)
	at org.mortbay.jetty.handler.ContextHandlerCollection.handle(ContextHandlerCollection.java:230)
	at org.mortbay.jetty.handler.HandlerCollection.handle(HandlerCollection.java:114)
	at org.mortbay.jetty.handler.HandlerWrapper.handle(HandlerWrapper.java:152)
	at org.mortbay.jetty.Server.handle(Server.java:326)
	at org.mortbay.jetty.HttpConnection.handleRequest(HttpConnection.java:536)
	at org.mortbay.jetty.HttpConnection$RequestHandler.headerComplete(HttpConnection.java:915)
	at org.mortbay.jetty.HttpParser.parseNext(HttpParser.java:539)
	at org.mortbay.jetty.HttpParser.parseAvailable(HttpParser.java:212)
	at org.mortbay.jetty.HttpConnection.handle(HttpConnection.java:405)
	at org.mortbay.io.nio.SelectChannelEndPoint.run(SelectChannelEndPoint.java:409)
	at org.mortbay.thread.QueuedThreadPool$PoolThread.run(QueuedThreadPool.java:582)
Caused by: org.dom4j.DocumentException: Error on line 1 of document  : Premature end of file. Nested exception: Premature end of file.
	at org.dom4j.io.SAXReader.read(SAXReader.java:482)
	at org.dom4j.DocumentHelper.parseText(DocumentHelper.java:278)
	at org.springframework.extensions.surf.util.XMLUtil.parse(XMLUtil.java:220)
	at org.springframework.extensions.surf.util.XMLUtil.parse(XMLUtil.java:236)
	at org.springframework.extensions.surf.persister.ReadOnlyStoreObjectPersister.getObjectByPath(ReadOnlyStoreObjectPersister.java:587)
	... 53 more
09:30:49,921 WARN  [org.springframework.extensions.surf.persister.AbstractStoreObjectPersister] Failure to load model object for path: content-associations/.keepme
org.springframework.extensions.surf.exception.ModelObjectPersisterException: Failure to load model object for path: content-associations/.keepme
	at org.springframework.extensions.surf.persister.ReadOnlyStoreObjectPersister.getObjectByPath(ReadOnlyStoreObjectPersister.java:613)
	at org.springframework.extensions.surf.persister.AbstractStoreObjectPersister.getObjectsFromPaths(AbstractStoreObjectPersister.java:369)
	at org.springframework.extensions.surf.persister.AbstractStoreObjectPersister.getAllObjects(AbstractStoreObjectPersister.java:306)
	at org.springframework.extensions.surf.persister.MultiObjectPersister.getAllObjects(MultiObjectPersister.java:346)
	at org.springframework.extensions.surf.ObjectPersistenceService.getAllObjects(ObjectPersistenceService.java:341)
	at org.springframework.extensions.surf.ModelObjectService.getAllObjects(ModelObjectService.java:602)
	at org.springframework.extensions.surf.ModuleDeploymentService.getAllConfiguredExtensionModules(ModuleDeploymentService.java:112)
	at org.springframework.extensions.surf.ModuleDeploymentService.getDeployedModules(ModuleDeploymentService.java:139)
	at org.springframework.extensions.surf.extensibility.impl.BasicExtensibilityModuleHandler.evaluateModules(BasicExtensibilityModuleHandler.java:240)
	at org.springframework.extensions.surf.support.AbstractRequestContext.getEvaluatedModules(AbstractRequestContext.java:929)
	at org.springframework.extensions.surf.support.AbstractRequestContext.getExtendingModuleFiles(AbstractRequestContext.java:950)
	at org.springframework.extensions.webscripts.WebTemplateProcessor.executeScriptBodyExtensions(WebTemplateProcessor.java:235)
	at org.springframework.extensions.webscripts.WebTemplateProcessor.executeBody(WebTemplateProcessor.java:333)
	at org.springframework.extensions.surf.render.AbstractProcessor.execute(AbstractProcessor.java:57)
	at org.springframework.extensions.surf.render.RenderService.processTemplate(RenderService.java:722)
	at org.springframework.extensions.surf.render.bean.TemplateInstanceRenderer.calculateComponentDependencies(TemplateInstanceRenderer.java:61)
	at org.springframework.extensions.surf.render.bean.TemplateInstanceRenderer.body(TemplateInstanceRenderer.java:118)
	at org.springframework.extensions.surf.render.AbstractRenderer.render(AbstractRenderer.java:77)
	at org.springframework.extensions.surf.render.bean.PageRenderer.body(PageRenderer.java:85)
	at org.springframework.extensions.surf.render.AbstractRenderer.render(AbstractRenderer.java:77)
	at org.springframework.extensions.surf.render.RenderService.renderPage(RenderService.java:763)
	at org.springframework.extensions.surf.mvc.PageView.dispatchPage(PageView.java:419)
	at org.springframework.extensions.surf.mvc.PageView.renderView(PageView.java:314)
	at org.springframework.extensions.surf.mvc.AbstractWebFrameworkView.renderMergedOutputModel(AbstractWebFrameworkView.java:316)
	at org.springframework.web.servlet.view.AbstractView.render(AbstractView.java:250)
	at org.springframework.web.servlet.DispatcherServlet.render(DispatcherServlet.java:1047)
	at org.springframework.web.servlet.DispatcherServlet.doDispatch(DispatcherServlet.java:817)
	at org.springframework.web.servlet.DispatcherServlet.doService(DispatcherServlet.java:719)
	at org.springframework.web.servlet.FrameworkServlet.processRequest(FrameworkServlet.java:644)
	at org.springframework.web.servlet.FrameworkServlet.doGet(FrameworkServlet.java:549)
	at javax.servlet.http.HttpServlet.service(HttpServlet.java:707)
	at javax.servlet.http.HttpServlet.service(HttpServlet.java:820)
	at org.mortbay.jetty.servlet.ServletHolder.handle(ServletHolder.java:511)
	at org.mortbay.jetty.servlet.ServletHandler$CachedChain.doFilter(ServletHandler.java:1166)
	at org.alfresco.web.site.servlet.MTAuthenticationFilter.doFilter(MTAuthenticationFilter.java:74)
	at org.mortbay.jetty.servlet.ServletHandler$CachedChain.doFilter(ServletHandler.java:1157)
	at org.alfresco.web.site.servlet.SSOAuthenticationFilter.doFilter(SSOAuthenticationFilter.java:307)
	at org.mortbay.jetty.servlet.ServletHandler$CachedChain.doFilter(ServletHandler.java:1157)
	at org.mortbay.jetty.servlet.ServletHandler.handle(ServletHandler.java:388)
	at org.mortbay.jetty.security.SecurityHandler.handle(SecurityHandler.java:216)
	at org.mortbay.jetty.servlet.SessionHandler.handle(SessionHandler.java:182)
	at org.mortbay.jetty.handler.ContextHandler.handle(ContextHandler.java:765)
	at org.mortbay.jetty.webapp.WebAppContext.handle(WebAppContext.java:418)
	at org.mortbay.jetty.handler.ContextHandlerCollection.handle(ContextHandlerCollection.java:230)
	at org.mortbay.jetty.handler.HandlerCollection.handle(HandlerCollection.java:114)
	at org.mortbay.jetty.handler.HandlerWrapper.handle(HandlerWrapper.java:152)
	at org.mortbay.jetty.Server.handle(Server.java:326)
	at org.mortbay.jetty.HttpConnection.handleRequest(HttpConnection.java:536)
	at org.mortbay.jetty.HttpConnection$RequestHandler.headerComplete(HttpConnection.java:915)
	at org.mortbay.jetty.HttpParser.parseNext(HttpParser.java:539)
	at org.mortbay.jetty.HttpParser.parseAvailable(HttpParser.java:212)
	at org.mortbay.jetty.HttpConnection.handle(HttpConnection.java:405)
	at org.mortbay.io.nio.SelectChannelEndPoint.run(SelectChannelEndPoint.java:409)
	at org.mortbay.thread.QueuedThreadPool$PoolThread.run(QueuedThreadPool.java:582)
Caused by: org.dom4j.DocumentException: Error on line 1 of document  : Premature end of file. Nested exception: Premature end of file.
	at org.dom4j.io.SAXReader.read(SAXReader.java:482)
	at org.dom4j.DocumentHelper.parseText(DocumentHelper.java:278)
	at org.springframework.extensions.surf.util.XMLUtil.parse(XMLUtil.java:220)
	at org.springframework.extensions.surf.util.XMLUtil.parse(XMLUtil.java:236)
	at org.springframework.extensions.surf.persister.ReadOnlyStoreObjectPersister.getObjectByPath(ReadOnlyStoreObjectPersister.java:587)
	... 53 more
09:30:49,929 WARN  [org.springframework.extensions.surf.persister.AbstractStoreObjectPersister] Failure to load model object for path: page-associations/.keepme
org.springframework.extensions.surf.exception.ModelObjectPersisterException: Failure to load model object for path: page-associations/.keepme
	at org.springframework.extensions.surf.persister.ReadOnlyStoreObjectPersister.getObjectByPath(ReadOnlyStoreObjectPersister.java:613)
	at org.springframework.extensions.surf.persister.AbstractStoreObjectPersister.getObjectsFromPaths(AbstractStoreObjectPersister.java:369)
	at org.springframework.extensions.surf.persister.AbstractStoreObjectPersister.getAllObjects(AbstractStoreObjectPersister.java:306)
	at org.springframework.extensions.surf.persister.MultiObjectPersister.getAllObjects(MultiObjectPersister.java:346)
	at org.springframework.extensions.surf.ObjectPersistenceService.getAllObjects(ObjectPersistenceService.java:341)
	at org.springframework.extensions.surf.ModelObjectService.getAllObjects(ModelObjectService.java:602)
	at org.springframework.extensions.surf.ModuleDeploymentService.getAllConfiguredExtensionModules(ModuleDeploymentService.java:112)
	at org.springframework.extensions.surf.ModuleDeploymentService.getDeployedModules(ModuleDeploymentService.java:139)
	at org.springframework.extensions.surf.extensibility.impl.BasicExtensibilityModuleHandler.evaluateModules(BasicExtensibilityModuleHandler.java:240)
	at org.springframework.extensions.surf.support.AbstractRequestContext.getEvaluatedModules(AbstractRequestContext.java:929)
	at org.springframework.extensions.surf.support.AbstractRequestContext.getExtendingModuleFiles(AbstractRequestContext.java:950)
	at org.springframework.extensions.webscripts.WebTemplateProcessor.executeScriptBodyExtensions(WebTemplateProcessor.java:235)
	at org.springframework.extensions.webscripts.WebTemplateProcessor.executeBody(WebTemplateProcessor.java:333)
	at org.springframework.extensions.surf.render.AbstractProcessor.execute(AbstractProcessor.java:57)
	at org.springframework.extensions.surf.render.RenderService.processTemplate(RenderService.java:722)
	at org.springframework.extensions.surf.render.bean.TemplateInstanceRenderer.calculateComponentDependencies(TemplateInstanceRenderer.java:61)
	at org.springframework.extensions.surf.render.bean.TemplateInstanceRenderer.body(TemplateInstanceRenderer.java:118)
	at org.springframework.extensions.surf.render.AbstractRenderer.render(AbstractRenderer.java:77)
	at org.springframework.extensions.surf.render.bean.PageRenderer.body(PageRenderer.java:85)
	at org.springframework.extensions.surf.render.AbstractRenderer.render(AbstractRenderer.java:77)
	at org.springframework.extensions.surf.render.RenderService.renderPage(RenderService.java:763)
	at org.springframework.extensions.surf.mvc.PageView.dispatchPage(PageView.java:419)
	at org.springframework.extensions.surf.mvc.PageView.renderView(PageView.java:314)
	at org.springframework.extensions.surf.mvc.AbstractWebFrameworkView.renderMergedOutputModel(AbstractWebFrameworkView.java:316)
	at org.springframework.web.servlet.view.AbstractView.render(AbstractView.java:250)
	at org.springframework.web.servlet.DispatcherServlet.render(DispatcherServlet.java:1047)
	at org.springframework.web.servlet.DispatcherServlet.doDispatch(DispatcherServlet.java:817)
	at org.springframework.web.servlet.DispatcherServlet.doService(DispatcherServlet.java:719)
	at org.springframework.web.servlet.FrameworkServlet.processRequest(FrameworkServlet.java:644)
	at org.springframework.web.servlet.FrameworkServlet.doGet(FrameworkServlet.java:549)
	at javax.servlet.http.HttpServlet.service(HttpServlet.java:707)
	at javax.servlet.http.HttpServlet.service(HttpServlet.java:820)
	at org.mortbay.jetty.servlet.ServletHolder.handle(ServletHolder.java:511)
	at org.mortbay.jetty.servlet.ServletHandler$CachedChain.doFilter(ServletHandler.java:1166)
	at org.alfresco.web.site.servlet.MTAuthenticationFilter.doFilter(MTAuthenticationFilter.java:74)
	at org.mortbay.jetty.servlet.ServletHandler$CachedChain.doFilter(ServletHandler.java:1157)
	at org.alfresco.web.site.servlet.SSOAuthenticationFilter.doFilter(SSOAuthenticationFilter.java:307)
	at org.mortbay.jetty.servlet.ServletHandler$CachedChain.doFilter(ServletHandler.java:1157)
	at org.mortbay.jetty.servlet.ServletHandler.handle(ServletHandler.java:388)
	at org.mortbay.jetty.security.SecurityHandler.handle(SecurityHandler.java:216)
	at org.mortbay.jetty.servlet.SessionHandler.handle(SessionHandler.java:182)
	at org.mortbay.jetty.handler.ContextHandler.handle(ContextHandler.java:765)
	at org.mortbay.jetty.webapp.WebAppContext.handle(WebAppContext.java:418)
	at org.mortbay.jetty.handler.ContextHandlerCollection.handle(ContextHandlerCollection.java:230)
	at org.mortbay.jetty.handler.HandlerCollection.handle(HandlerCollection.java:114)
	at org.mortbay.jetty.handler.HandlerWrapper.handle(HandlerWrapper.java:152)
	at org.mortbay.jetty.Server.handle(Server.java:326)
	at org.mortbay.jetty.HttpConnection.handleRequest(HttpConnection.java:536)
	at org.mortbay.jetty.HttpConnection$RequestHandler.headerComplete(HttpConnection.java:915)
	at org.mortbay.jetty.HttpParser.parseNext(HttpParser.java:539)
	at org.mortbay.jetty.HttpParser.parseAvailable(HttpParser.java:212)
	at org.mortbay.jetty.HttpConnection.handle(HttpConnection.java:405)
	at org.mortbay.io.nio.SelectChannelEndPoint.run(SelectChannelEndPoint.java:409)
	at org.mortbay.thread.QueuedThreadPool$PoolThread.run(QueuedThreadPool.java:582)
Caused by: org.dom4j.DocumentException: Error on line 1 of document  : Premature end of file. Nested exception: Premature end of file.
	at org.dom4j.io.SAXReader.read(SAXReader.java:482)
	at org.dom4j.DocumentHelper.parseText(DocumentHelper.java:278)
	at org.springframework.extensions.surf.util.XMLUtil.parse(XMLUtil.java:220)
	at org.springframework.extensions.surf.util.XMLUtil.parse(XMLUtil.java:236)
	at org.springframework.extensions.surf.persister.ReadOnlyStoreObjectPersister.getObjectByPath(ReadOnlyStoreObjectPersister.java:587)
	... 53 more
09:56:08,514 INFO  [org.alfresco.web.site.EditionInterceptor] Successfully retrieved license information from Alfresco.
09:56:09,995 WARN  [org.springframework.extensions.surf.persister.AbstractStoreObjectPersister] Failure to load model object for path: chrome/.keepme
org.springframework.extensions.surf.exception.ModelObjectPersisterException: Failure to load model object for path: chrome/.keepme
	at org.springframework.extensions.surf.persister.ReadOnlyStoreObjectPersister.getObjectByPath(ReadOnlyStoreObjectPersister.java:613)
	at org.springframework.extensions.surf.persister.AbstractStoreObjectPersister.getObjectsFromPaths(AbstractStoreObjectPersister.java:369)
	at org.springframework.extensions.surf.persister.AbstractStoreObjectPersister.getAllObjects(AbstractStoreObjectPersister.java:306)
	at org.springframework.extensions.surf.persister.MultiObjectPersister.getAllObjects(MultiObjectPersister.java:346)
	at org.springframework.extensions.surf.ObjectPersistenceService.getAllObjects(ObjectPersistenceService.java:341)
	at org.springframework.extensions.surf.ModelObjectService.getAllObjects(ModelObjectService.java:602)
	at org.springframework.extensions.surf.ModuleDeploymentService.getAllConfiguredExtensionModules(ModuleDeploymentService.java:112)
	at org.springframework.extensions.surf.ModuleDeploymentService.getDeployedModules(ModuleDeploymentService.java:139)
	at org.springframework.extensions.surf.extensibility.impl.BasicExtensibilityModuleHandler.evaluateModules(BasicExtensibilityModuleHandler.java:240)
	at org.springframework.extensions.surf.support.AbstractRequestContext.getEvaluatedModules(AbstractRequestContext.java:929)
	at org.springframework.extensions.surf.support.AbstractRequestContext.getExtendingModuleFiles(AbstractRequestContext.java:950)
	at org.springframework.extensions.webscripts.WebTemplateProcessor.executeScriptBodyExtensions(WebTemplateProcessor.java:235)
	at org.springframework.extensions.webscripts.WebTemplateProcessor.executeBody(WebTemplateProcessor.java:333)
	at org.springframework.extensions.surf.render.AbstractProcessor.execute(AbstractProcessor.java:57)
	at org.springframework.extensions.surf.render.RenderService.processTemplate(RenderService.java:722)
	at org.springframework.extensions.surf.render.bean.TemplateInstanceRenderer.calculateComponentDependencies(TemplateInstanceRenderer.java:61)
	at org.springframework.extensions.surf.render.bean.TemplateInstanceRenderer.body(TemplateInstanceRenderer.java:118)
	at org.springframework.extensions.surf.render.AbstractRenderer.render(AbstractRenderer.java:77)
	at org.springframework.extensions.surf.render.bean.PageRenderer.body(PageRenderer.java:85)
	at org.springframework.extensions.surf.render.AbstractRenderer.render(AbstractRenderer.java:77)
	at org.springframework.extensions.surf.render.RenderService.renderPage(RenderService.java:763)
	at org.springframework.extensions.surf.mvc.PageView.dispatchPage(PageView.java:419)
	at org.springframework.extensions.surf.mvc.PageView.renderView(PageView.java:258)
	at org.springframework.extensions.surf.mvc.AbstractWebFrameworkView.renderMergedOutputModel(AbstractWebFrameworkView.java:316)
	at org.springframework.web.servlet.view.AbstractView.render(AbstractView.java:250)
	at org.springframework.web.servlet.DispatcherServlet.render(DispatcherServlet.java:1047)
	at org.springframework.web.servlet.DispatcherServlet.doDispatch(DispatcherServlet.java:817)
	at org.springframework.web.servlet.DispatcherServlet.doService(DispatcherServlet.java:719)
	at org.springframework.web.servlet.FrameworkServlet.processRequest(FrameworkServlet.java:644)
	at org.springframework.web.servlet.FrameworkServlet.doGet(FrameworkServlet.java:549)
	at javax.servlet.http.HttpServlet.service(HttpServlet.java:707)
	at javax.servlet.http.HttpServlet.service(HttpServlet.java:820)
	at org.mortbay.jetty.servlet.ServletHolder.handle(ServletHolder.java:511)
	at org.mortbay.jetty.servlet.ServletHandler$CachedChain.doFilter(ServletHandler.java:1166)
	at org.alfresco.web.site.servlet.MTAuthenticationFilter.doFilter(MTAuthenticationFilter.java:74)
	at org.mortbay.jetty.servlet.ServletHandler$CachedChain.doFilter(ServletHandler.java:1157)
	at org.alfresco.web.site.servlet.SSOAuthenticationFilter.doFilter(SSOAuthenticationFilter.java:307)
	at org.mortbay.jetty.servlet.ServletHandler$CachedChain.doFilter(ServletHandler.java:1157)
	at org.mortbay.jetty.servlet.ServletHandler.handle(ServletHandler.java:388)
	at org.mortbay.jetty.security.SecurityHandler.handle(SecurityHandler.java:216)
	at org.mortbay.jetty.servlet.SessionHandler.handle(SessionHandler.java:182)
	at org.mortbay.jetty.handler.ContextHandler.handle(ContextHandler.java:765)
	at org.mortbay.jetty.webapp.WebAppContext.handle(WebAppContext.java:418)
	at org.mortbay.jetty.handler.ContextHandlerCollection.handle(ContextHandlerCollection.java:230)
	at org.mortbay.jetty.handler.HandlerCollection.handle(HandlerCollection.java:114)
	at org.mortbay.jetty.handler.HandlerWrapper.handle(HandlerWrapper.java:152)
	at org.mortbay.jetty.Server.handle(Server.java:326)
	at org.mortbay.jetty.HttpConnection.handleRequest(HttpConnection.java:536)
	at org.mortbay.jetty.HttpConnection$RequestHandler.headerComplete(HttpConnection.java:915)
	at org.mortbay.jetty.HttpParser.parseNext(HttpParser.java:539)
	at org.mortbay.jetty.HttpParser.parseAvailable(HttpParser.java:212)
	at org.mortbay.jetty.HttpConnection.handle(HttpConnection.java:405)
	at org.mortbay.io.nio.SelectChannelEndPoint.run(SelectChannelEndPoint.java:409)
	at org.mortbay.thread.QueuedThreadPool$PoolThread.run(QueuedThreadPool.java:582)
Caused by: org.dom4j.DocumentException: Error on line 1 of document  : Premature end of file. Nested exception: Premature end of file.
	at org.dom4j.io.SAXReader.read(SAXReader.java:482)
	at org.dom4j.DocumentHelper.parseText(DocumentHelper.java:278)
	at org.springframework.extensions.surf.util.XMLUtil.parse(XMLUtil.java:220)
	at org.springframework.extensions.surf.util.XMLUtil.parse(XMLUtil.java:236)
	at org.springframework.extensions.surf.persister.ReadOnlyStoreObjectPersister.getObjectByPath(ReadOnlyStoreObjectPersister.java:587)
	... 53 more
09:56:10,215 WARN  [org.springframework.extensions.surf.persister.AbstractStoreObjectPersister] Failure to load model object for path: content-associations/.keepme
org.springframework.extensions.surf.exception.ModelObjectPersisterException: Failure to load model object for path: content-associations/.keepme
	at org.springframework.extensions.surf.persister.ReadOnlyStoreObjectPersister.getObjectByPath(ReadOnlyStoreObjectPersister.java:613)
	at org.springframework.extensions.surf.persister.AbstractStoreObjectPersister.getObjectsFromPaths(AbstractStoreObjectPersister.java:369)
	at org.springframework.extensions.surf.persister.AbstractStoreObjectPersister.getAllObjects(AbstractStoreObjectPersister.java:306)
	at org.springframework.extensions.surf.persister.MultiObjectPersister.getAllObjects(MultiObjectPersister.java:346)
	at org.springframework.extensions.surf.ObjectPersistenceService.getAllObjects(ObjectPersistenceService.java:341)
	at org.springframework.extensions.surf.ModelObjectService.getAllObjects(ModelObjectService.java:602)
	at org.springframework.extensions.surf.ModuleDeploymentService.getAllConfiguredExtensionModules(ModuleDeploymentService.java:112)
	at org.springframework.extensions.surf.ModuleDeploymentService.getDeployedModules(ModuleDeploymentService.java:139)
	at org.springframework.extensions.surf.extensibility.impl.BasicExtensibilityModuleHandler.evaluateModules(BasicExtensibilityModuleHandler.java:240)
	at org.springframework.extensions.surf.support.AbstractRequestContext.getEvaluatedModules(AbstractRequestContext.java:929)
	at org.springframework.extensions.surf.support.AbstractRequestContext.getExtendingModuleFiles(AbstractRequestContext.java:950)
	at org.springframework.extensions.webscripts.WebTemplateProcessor.executeScriptBodyExtensions(WebTemplateProcessor.java:235)
	at org.springframework.extensions.webscripts.WebTemplateProcessor.executeBody(WebTemplateProcessor.java:333)
	at org.springframework.extensions.surf.render.AbstractProcessor.execute(AbstractProcessor.java:57)
	at org.springframework.extensions.surf.render.RenderService.processTemplate(RenderService.java:722)
	at org.springframework.extensions.surf.render.bean.TemplateInstanceRenderer.calculateComponentDependencies(TemplateInstanceRenderer.java:61)
	at org.springframework.extensions.surf.render.bean.TemplateInstanceRenderer.body(TemplateInstanceRenderer.java:118)
	at org.springframework.extensions.surf.render.AbstractRenderer.render(AbstractRenderer.java:77)
	at org.springframework.extensions.surf.render.bean.PageRenderer.body(PageRenderer.java:85)
	at org.springframework.extensions.surf.render.AbstractRenderer.render(AbstractRenderer.java:77)
	at org.springframework.extensions.surf.render.RenderService.renderPage(RenderService.java:763)
	at org.springframework.extensions.surf.mvc.PageView.dispatchPage(PageView.java:419)
	at org.springframework.extensions.surf.mvc.PageView.renderView(PageView.java:258)
	at org.springframework.extensions.surf.mvc.AbstractWebFrameworkView.renderMergedOutputModel(AbstractWebFrameworkView.java:316)
	at org.springframework.web.servlet.view.AbstractView.render(AbstractView.java:250)
	at org.springframework.web.servlet.DispatcherServlet.render(DispatcherServlet.java:1047)
	at org.springframework.web.servlet.DispatcherServlet.doDispatch(DispatcherServlet.java:817)
	at org.springframework.web.servlet.DispatcherServlet.doService(DispatcherServlet.java:719)
	at org.springframework.web.servlet.FrameworkServlet.processRequest(FrameworkServlet.java:644)
	at org.springframework.web.servlet.FrameworkServlet.doGet(FrameworkServlet.java:549)
	at javax.servlet.http.HttpServlet.service(HttpServlet.java:707)
	at javax.servlet.http.HttpServlet.service(HttpServlet.java:820)
	at org.mortbay.jetty.servlet.ServletHolder.handle(ServletHolder.java:511)
	at org.mortbay.jetty.servlet.ServletHandler$CachedChain.doFilter(ServletHandler.java:1166)
	at org.alfresco.web.site.servlet.MTAuthenticationFilter.doFilter(MTAuthenticationFilter.java:74)
	at org.mortbay.jetty.servlet.ServletHandler$CachedChain.doFilter(ServletHandler.java:1157)
	at org.alfresco.web.site.servlet.SSOAuthenticationFilter.doFilter(SSOAuthenticationFilter.java:307)
	at org.mortbay.jetty.servlet.ServletHandler$CachedChain.doFilter(ServletHandler.java:1157)
	at org.mortbay.jetty.servlet.ServletHandler.handle(ServletHandler.java:388)
	at org.mortbay.jetty.security.SecurityHandler.handle(SecurityHandler.java:216)
	at org.mortbay.jetty.servlet.SessionHandler.handle(SessionHandler.java:182)
	at org.mortbay.jetty.handler.ContextHandler.handle(ContextHandler.java:765)
	at org.mortbay.jetty.webapp.WebAppContext.handle(WebAppContext.java:418)
	at org.mortbay.jetty.handler.ContextHandlerCollection.handle(ContextHandlerCollection.java:230)
	at org.mortbay.jetty.handler.HandlerCollection.handle(HandlerCollection.java:114)
	at org.mortbay.jetty.handler.HandlerWrapper.handle(HandlerWrapper.java:152)
	at org.mortbay.jetty.Server.handle(Server.java:326)
	at org.mortbay.jetty.HttpConnection.handleRequest(HttpConnection.java:536)
	at org.mortbay.jetty.HttpConnection$RequestHandler.headerComplete(HttpConnection.java:915)
	at org.mortbay.jetty.HttpParser.parseNext(HttpParser.java:539)
	at org.mortbay.jetty.HttpParser.parseAvailable(HttpParser.java:212)
	at org.mortbay.jetty.HttpConnection.handle(HttpConnection.java:405)
	at org.mortbay.io.nio.SelectChannelEndPoint.run(SelectChannelEndPoint.java:409)
	at org.mortbay.thread.QueuedThreadPool$PoolThread.run(QueuedThreadPool.java:582)
Caused by: org.dom4j.DocumentException: Error on line 1 of document  : Premature end of file. Nested exception: Premature end of file.
	at org.dom4j.io.SAXReader.read(SAXReader.java:482)
	at org.dom4j.DocumentHelper.parseText(DocumentHelper.java:278)
	at org.springframework.extensions.surf.util.XMLUtil.parse(XMLUtil.java:220)
	at org.springframework.extensions.surf.util.XMLUtil.parse(XMLUtil.java:236)
	at org.springframework.extensions.surf.persister.ReadOnlyStoreObjectPersister.getObjectByPath(ReadOnlyStoreObjectPersister.java:587)
	... 53 more
09:56:10,218 WARN  [org.springframework.extensions.surf.persister.AbstractStoreObjectPersister] Failure to load model object for path: page-associations/.keepme
org.springframework.extensions.surf.exception.ModelObjectPersisterException: Failure to load model object for path: page-associations/.keepme
	at org.springframework.extensions.surf.persister.ReadOnlyStoreObjectPersister.getObjectByPath(ReadOnlyStoreObjectPersister.java:613)
	at org.springframework.extensions.surf.persister.AbstractStoreObjectPersister.getObjectsFromPaths(AbstractStoreObjectPersister.java:369)
	at org.springframework.extensions.surf.persister.AbstractStoreObjectPersister.getAllObjects(AbstractStoreObjectPersister.java:306)
	at org.springframework.extensions.surf.persister.MultiObjectPersister.getAllObjects(MultiObjectPersister.java:346)
	at org.springframework.extensions.surf.ObjectPersistenceService.getAllObjects(ObjectPersistenceService.java:341)
	at org.springframework.extensions.surf.ModelObjectService.getAllObjects(ModelObjectService.java:602)
	at org.springframework.extensions.surf.ModuleDeploymentService.getAllConfiguredExtensionModules(ModuleDeploymentService.java:112)
	at org.springframework.extensions.surf.ModuleDeploymentService.getDeployedModules(ModuleDeploymentService.java:139)
	at org.springframework.extensions.surf.extensibility.impl.BasicExtensibilityModuleHandler.evaluateModules(BasicExtensibilityModuleHandler.java:240)
	at org.springframework.extensions.surf.support.AbstractRequestContext.getEvaluatedModules(AbstractRequestContext.java:929)
	at org.springframework.extensions.surf.support.AbstractRequestContext.getExtendingModuleFiles(AbstractRequestContext.java:950)
	at org.springframework.extensions.webscripts.WebTemplateProcessor.executeScriptBodyExtensions(WebTemplateProcessor.java:235)
	at org.springframework.extensions.webscripts.WebTemplateProcessor.executeBody(WebTemplateProcessor.java:333)
	at org.springframework.extensions.surf.render.AbstractProcessor.execute(AbstractProcessor.java:57)
	at org.springframework.extensions.surf.render.RenderService.processTemplate(RenderService.java:722)
	at org.springframework.extensions.surf.render.bean.TemplateInstanceRenderer.calculateComponentDependencies(TemplateInstanceRenderer.java:61)
	at org.springframework.extensions.surf.render.bean.TemplateInstanceRenderer.body(TemplateInstanceRenderer.java:118)
	at org.springframework.extensions.surf.render.AbstractRenderer.render(AbstractRenderer.java:77)
	at org.springframework.extensions.surf.render.bean.PageRenderer.body(PageRenderer.java:85)
	at org.springframework.extensions.surf.render.AbstractRenderer.render(AbstractRenderer.java:77)
	at org.springframework.extensions.surf.render.RenderService.renderPage(RenderService.java:763)
	at org.springframework.extensions.surf.mvc.PageView.dispatchPage(PageView.java:419)
	at org.springframework.extensions.surf.mvc.PageView.renderView(PageView.java:258)
	at org.springframework.extensions.surf.mvc.AbstractWebFrameworkView.renderMergedOutputModel(AbstractWebFrameworkView.java:316)
	at org.springframework.web.servlet.view.AbstractView.render(AbstractView.java:250)
	at org.springframework.web.servlet.DispatcherServlet.render(DispatcherServlet.java:1047)
	at org.springframework.web.servlet.DispatcherServlet.doDispatch(DispatcherServlet.java:817)
	at org.springframework.web.servlet.DispatcherServlet.doService(DispatcherServlet.java:719)
	at org.springframework.web.servlet.FrameworkServlet.processRequest(FrameworkServlet.java:644)
	at org.springframework.web.servlet.FrameworkServlet.doGet(FrameworkServlet.java:549)
	at javax.servlet.http.HttpServlet.service(HttpServlet.java:707)
	at javax.servlet.http.HttpServlet.service(HttpServlet.java:820)
	at org.mortbay.jetty.servlet.ServletHolder.handle(ServletHolder.java:511)
	at org.mortbay.jetty.servlet.ServletHandler$CachedChain.doFilter(ServletHandler.java:1166)
	at org.alfresco.web.site.servlet.MTAuthenticationFilter.doFilter(MTAuthenticationFilter.java:74)
	at org.mortbay.jetty.servlet.ServletHandler$CachedChain.doFilter(ServletHandler.java:1157)
	at org.alfresco.web.site.servlet.SSOAuthenticationFilter.doFilter(SSOAuthenticationFilter.java:307)
	at org.mortbay.jetty.servlet.ServletHandler$CachedChain.doFilter(ServletHandler.java:1157)
	at org.mortbay.jetty.servlet.ServletHandler.handle(ServletHandler.java:388)
	at org.mortbay.jetty.security.SecurityHandler.handle(SecurityHandler.java:216)
	at org.mortbay.jetty.servlet.SessionHandler.handle(SessionHandler.java:182)
	at org.mortbay.jetty.handler.ContextHandler.handle(ContextHandler.java:765)
	at org.mortbay.jetty.webapp.WebAppContext.handle(WebAppContext.java:418)
	at org.mortbay.jetty.handler.ContextHandlerCollection.handle(ContextHandlerCollection.java:230)
	at org.mortbay.jetty.handler.HandlerCollection.handle(HandlerCollection.java:114)
	at org.mortbay.jetty.handler.HandlerWrapper.handle(HandlerWrapper.java:152)
	at org.mortbay.jetty.Server.handle(Server.java:326)
	at org.mortbay.jetty.HttpConnection.handleRequest(HttpConnection.java:536)
	at org.mortbay.jetty.HttpConnection$RequestHandler.headerComplete(HttpConnection.java:915)
	at org.mortbay.jetty.HttpParser.parseNext(HttpParser.java:539)
	at org.mortbay.jetty.HttpParser.parseAvailable(HttpParser.java:212)
	at org.mortbay.jetty.HttpConnection.handle(HttpConnection.java:405)
	at org.mortbay.io.nio.SelectChannelEndPoint.run(SelectChannelEndPoint.java:409)
	at org.mortbay.thread.QueuedThreadPool$PoolThread.run(QueuedThreadPool.java:582)
Caused by: org.dom4j.DocumentException: Error on line 1 of document  : Premature end of file. Nested exception: Premature end of file.
	at org.dom4j.io.SAXReader.read(SAXReader.java:482)
	at org.dom4j.DocumentHelper.parseText(DocumentHelper.java:278)
	at org.springframework.extensions.surf.util.XMLUtil.parse(XMLUtil.java:220)
	at org.springframework.extensions.surf.util.XMLUtil.parse(XMLUtil.java:236)
	at org.springframework.extensions.surf.persister.ReadOnlyStoreObjectPersister.getObjectByPath(ReadOnlyStoreObjectPersister.java:587)
	... 53 more
10:18:09,083 INFO  [org.alfresco.web.site.EditionInterceptor] Successfully retrieved license information from Alfresco.
10:18:10,593 WARN  [org.springframework.extensions.surf.persister.AbstractStoreObjectPersister] Failure to load model object for path: chrome/.keepme
org.springframework.extensions.surf.exception.ModelObjectPersisterException: Failure to load model object for path: chrome/.keepme
	at org.springframework.extensions.surf.persister.ReadOnlyStoreObjectPersister.getObjectByPath(ReadOnlyStoreObjectPersister.java:613)
	at org.springframework.extensions.surf.persister.AbstractStoreObjectPersister.getObjectsFromPaths(AbstractStoreObjectPersister.java:369)
	at org.springframework.extensions.surf.persister.AbstractStoreObjectPersister.getAllObjects(AbstractStoreObjectPersister.java:306)
	at org.springframework.extensions.surf.persister.MultiObjectPersister.getAllObjects(MultiObjectPersister.java:346)
	at org.springframework.extensions.surf.ObjectPersistenceService.getAllObjects(ObjectPersistenceService.java:341)
	at org.springframework.extensions.surf.ModelObjectService.getAllObjects(ModelObjectService.java:602)
	at org.springframework.extensions.surf.ModuleDeploymentService.getAllConfiguredExtensionModules(ModuleDeploymentService.java:112)
	at org.springframework.extensions.surf.ModuleDeploymentService.getDeployedModules(ModuleDeploymentService.java:139)
	at org.springframework.extensions.surf.extensibility.impl.BasicExtensibilityModuleHandler.evaluateModules(BasicExtensibilityModuleHandler.java:240)
	at org.springframework.extensions.surf.support.AbstractRequestContext.getEvaluatedModules(AbstractRequestContext.java:929)
	at org.springframework.extensions.surf.support.AbstractRequestContext.getExtendingModuleFiles(AbstractRequestContext.java:950)
	at org.springframework.extensions.webscripts.WebTemplateProcessor.executeScriptBodyExtensions(WebTemplateProcessor.java:235)
	at org.springframework.extensions.webscripts.WebTemplateProcessor.executeBody(WebTemplateProcessor.java:333)
	at org.springframework.extensions.surf.render.AbstractProcessor.execute(AbstractProcessor.java:57)
	at org.springframework.extensions.surf.render.RenderService.processTemplate(RenderService.java:722)
	at org.springframework.extensions.surf.render.bean.TemplateInstanceRenderer.calculateComponentDependencies(TemplateInstanceRenderer.java:61)
	at org.springframework.extensions.surf.render.bean.TemplateInstanceRenderer.body(TemplateInstanceRenderer.java:118)
	at org.springframework.extensions.surf.render.AbstractRenderer.render(AbstractRenderer.java:77)
	at org.springframework.extensions.surf.render.bean.PageRenderer.body(PageRenderer.java:85)
	at org.springframework.extensions.surf.render.AbstractRenderer.render(AbstractRenderer.java:77)
	at org.springframework.extensions.surf.render.RenderService.renderPage(RenderService.java:763)
	at org.springframework.extensions.surf.mvc.PageView.dispatchPage(PageView.java:419)
	at org.springframework.extensions.surf.mvc.PageView.renderView(PageView.java:258)
	at org.springframework.extensions.surf.mvc.AbstractWebFrameworkView.renderMergedOutputModel(AbstractWebFrameworkView.java:316)
	at org.springframework.web.servlet.view.AbstractView.render(AbstractView.java:250)
	at org.springframework.web.servlet.DispatcherServlet.render(DispatcherServlet.java:1047)
	at org.springframework.web.servlet.DispatcherServlet.doDispatch(DispatcherServlet.java:817)
	at org.springframework.web.servlet.DispatcherServlet.doService(DispatcherServlet.java:719)
	at org.springframework.web.servlet.FrameworkServlet.processRequest(FrameworkServlet.java:644)
	at org.springframework.web.servlet.FrameworkServlet.doGet(FrameworkServlet.java:549)
	at javax.servlet.http.HttpServlet.service(HttpServlet.java:707)
	at javax.servlet.http.HttpServlet.service(HttpServlet.java:820)
	at org.mortbay.jetty.servlet.ServletHolder.handle(ServletHolder.java:511)
	at org.mortbay.jetty.servlet.ServletHandler$CachedChain.doFilter(ServletHandler.java:1166)
	at org.alfresco.web.site.servlet.MTAuthenticationFilter.doFilter(MTAuthenticationFilter.java:74)
	at org.mortbay.jetty.servlet.ServletHandler$CachedChain.doFilter(ServletHandler.java:1157)
	at org.alfresco.web.site.servlet.SSOAuthenticationFilter.doFilter(SSOAuthenticationFilter.java:307)
	at org.mortbay.jetty.servlet.ServletHandler$CachedChain.doFilter(ServletHandler.java:1157)
	at org.mortbay.jetty.servlet.ServletHandler.handle(ServletHandler.java:388)
	at org.mortbay.jetty.security.SecurityHandler.handle(SecurityHandler.java:216)
	at org.mortbay.jetty.servlet.SessionHandler.handle(SessionHandler.java:182)
	at org.mortbay.jetty.handler.ContextHandler.handle(ContextHandler.java:765)
	at org.mortbay.jetty.webapp.WebAppContext.handle(WebAppContext.java:418)
	at org.mortbay.jetty.handler.ContextHandlerCollection.handle(ContextHandlerCollection.java:230)
	at org.mortbay.jetty.handler.HandlerCollection.handle(HandlerCollection.java:114)
	at org.mortbay.jetty.handler.HandlerWrapper.handle(HandlerWrapper.java:152)
	at org.mortbay.jetty.Server.handle(Server.java:326)
	at org.mortbay.jetty.HttpConnection.handleRequest(HttpConnection.java:536)
	at org.mortbay.jetty.HttpConnection$RequestHandler.headerComplete(HttpConnection.java:915)
	at org.mortbay.jetty.HttpParser.parseNext(HttpParser.java:539)
	at org.mortbay.jetty.HttpParser.parseAvailable(HttpParser.java:212)
	at org.mortbay.jetty.HttpConnection.handle(HttpConnection.java:405)
	at org.mortbay.io.nio.SelectChannelEndPoint.run(SelectChannelEndPoint.java:409)
	at org.mortbay.thread.QueuedThreadPool$PoolThread.run(QueuedThreadPool.java:582)
Caused by: org.dom4j.DocumentException: Error on line 1 of document  : Premature end of file. Nested exception: Premature end of file.
	at org.dom4j.io.SAXReader.read(SAXReader.java:482)
	at org.dom4j.DocumentHelper.parseText(DocumentHelper.java:278)
	at org.springframework.extensions.surf.util.XMLUtil.parse(XMLUtil.java:220)
	at org.springframework.extensions.surf.util.XMLUtil.parse(XMLUtil.java:236)
	at org.springframework.extensions.surf.persister.ReadOnlyStoreObjectPersister.getObjectByPath(ReadOnlyStoreObjectPersister.java:587)
	... 53 more
10:18:10,791 WARN  [org.springframework.extensions.surf.persister.AbstractStoreObjectPersister] Failure to load model object for path: content-associations/.keepme
org.springframework.extensions.surf.exception.ModelObjectPersisterException: Failure to load model object for path: content-associations/.keepme
	at org.springframework.extensions.surf.persister.ReadOnlyStoreObjectPersister.getObjectByPath(ReadOnlyStoreObjectPersister.java:613)
	at org.springframework.extensions.surf.persister.AbstractStoreObjectPersister.getObjectsFromPaths(AbstractStoreObjectPersister.java:369)
	at org.springframework.extensions.surf.persister.AbstractStoreObjectPersister.getAllObjects(AbstractStoreObjectPersister.java:306)
	at org.springframework.extensions.surf.persister.MultiObjectPersister.getAllObjects(MultiObjectPersister.java:346)
	at org.springframework.extensions.surf.ObjectPersistenceService.getAllObjects(ObjectPersistenceService.java:341)
	at org.springframework.extensions.surf.ModelObjectService.getAllObjects(ModelObjectService.java:602)
	at org.springframework.extensions.surf.ModuleDeploymentService.getAllConfiguredExtensionModules(ModuleDeploymentService.java:112)
	at org.springframework.extensions.surf.ModuleDeploymentService.getDeployedModules(ModuleDeploymentService.java:139)
	at org.springframework.extensions.surf.extensibility.impl.BasicExtensibilityModuleHandler.evaluateModules(BasicExtensibilityModuleHandler.java:240)
	at org.springframework.extensions.surf.support.AbstractRequestContext.getEvaluatedModules(AbstractRequestContext.java:929)
	at org.springframework.extensions.surf.support.AbstractRequestContext.getExtendingModuleFiles(AbstractRequestContext.java:950)
	at org.springframework.extensions.webscripts.WebTemplateProcessor.executeScriptBodyExtensions(WebTemplateProcessor.java:235)
	at org.springframework.extensions.webscripts.WebTemplateProcessor.executeBody(WebTemplateProcessor.java:333)
	at org.springframework.extensions.surf.render.AbstractProcessor.execute(AbstractProcessor.java:57)
	at org.springframework.extensions.surf.render.RenderService.processTemplate(RenderService.java:722)
	at org.springframework.extensions.surf.render.bean.TemplateInstanceRenderer.calculateComponentDependencies(TemplateInstanceRenderer.java:61)
	at org.springframework.extensions.surf.render.bean.TemplateInstanceRenderer.body(TemplateInstanceRenderer.java:118)
	at org.springframework.extensions.surf.render.AbstractRenderer.render(AbstractRenderer.java:77)
	at org.springframework.extensions.surf.render.bean.PageRenderer.body(PageRenderer.java:85)
	at org.springframework.extensions.surf.render.AbstractRenderer.render(AbstractRenderer.java:77)
	at org.springframework.extensions.surf.render.RenderService.renderPage(RenderService.java:763)
	at org.springframework.extensions.surf.mvc.PageView.dispatchPage(PageView.java:419)
	at org.springframework.extensions.surf.mvc.PageView.renderView(PageView.java:258)
	at org.springframework.extensions.surf.mvc.AbstractWebFrameworkView.renderMergedOutputModel(AbstractWebFrameworkView.java:316)
	at org.springframework.web.servlet.view.AbstractView.render(AbstractView.java:250)
	at org.springframework.web.servlet.DispatcherServlet.render(DispatcherServlet.java:1047)
	at org.springframework.web.servlet.DispatcherServlet.doDispatch(DispatcherServlet.java:817)
	at org.springframework.web.servlet.DispatcherServlet.doService(DispatcherServlet.java:719)
	at org.springframework.web.servlet.FrameworkServlet.processRequest(FrameworkServlet.java:644)
	at org.springframework.web.servlet.FrameworkServlet.doGet(FrameworkServlet.java:549)
	at javax.servlet.http.HttpServlet.service(HttpServlet.java:707)
	at javax.servlet.http.HttpServlet.service(HttpServlet.java:820)
	at org.mortbay.jetty.servlet.ServletHolder.handle(ServletHolder.java:511)
	at org.mortbay.jetty.servlet.ServletHandler$CachedChain.doFilter(ServletHandler.java:1166)
	at org.alfresco.web.site.servlet.MTAuthenticationFilter.doFilter(MTAuthenticationFilter.java:74)
	at org.mortbay.jetty.servlet.ServletHandler$CachedChain.doFilter(ServletHandler.java:1157)
	at org.alfresco.web.site.servlet.SSOAuthenticationFilter.doFilter(SSOAuthenticationFilter.java:307)
	at org.mortbay.jetty.servlet.ServletHandler$CachedChain.doFilter(ServletHandler.java:1157)
	at org.mortbay.jetty.servlet.ServletHandler.handle(ServletHandler.java:388)
	at org.mortbay.jetty.security.SecurityHandler.handle(SecurityHandler.java:216)
	at org.mortbay.jetty.servlet.SessionHandler.handle(SessionHandler.java:182)
	at org.mortbay.jetty.handler.ContextHandler.handle(ContextHandler.java:765)
	at org.mortbay.jetty.webapp.WebAppContext.handle(WebAppContext.java:418)
	at org.mortbay.jetty.handler.ContextHandlerCollection.handle(ContextHandlerCollection.java:230)
	at org.mortbay.jetty.handler.HandlerCollection.handle(HandlerCollection.java:114)
	at org.mortbay.jetty.handler.HandlerWrapper.handle(HandlerWrapper.java:152)
	at org.mortbay.jetty.Server.handle(Server.java:326)
	at org.mortbay.jetty.HttpConnection.handleRequest(HttpConnection.java:536)
	at org.mortbay.jetty.HttpConnection$RequestHandler.headerComplete(HttpConnection.java:915)
	at org.mortbay.jetty.HttpParser.parseNext(HttpParser.java:539)
	at org.mortbay.jetty.HttpParser.parseAvailable(HttpParser.java:212)
	at org.mortbay.jetty.HttpConnection.handle(HttpConnection.java:405)
	at org.mortbay.io.nio.SelectChannelEndPoint.run(SelectChannelEndPoint.java:409)
	at org.mortbay.thread.QueuedThreadPool$PoolThread.run(QueuedThreadPool.java:582)
Caused by: org.dom4j.DocumentException: Error on line 1 of document  : Premature end of file. Nested exception: Premature end of file.
	at org.dom4j.io.SAXReader.read(SAXReader.java:482)
	at org.dom4j.DocumentHelper.parseText(DocumentHelper.java:278)
	at org.springframework.extensions.surf.util.XMLUtil.parse(XMLUtil.java:220)
	at org.springframework.extensions.surf.util.XMLUtil.parse(XMLUtil.java:236)
	at org.springframework.extensions.surf.persister.ReadOnlyStoreObjectPersister.getObjectByPath(ReadOnlyStoreObjectPersister.java:587)
	... 53 more
10:18:10,794 WARN  [org.springframework.extensions.surf.persister.AbstractStoreObjectPersister] Failure to load model object for path: page-associations/.keepme
org.springframework.extensions.surf.exception.ModelObjectPersisterException: Failure to load model object for path: page-associations/.keepme
	at org.springframework.extensions.surf.persister.ReadOnlyStoreObjectPersister.getObjectByPath(ReadOnlyStoreObjectPersister.java:613)
	at org.springframework.extensions.surf.persister.AbstractStoreObjectPersister.getObjectsFromPaths(AbstractStoreObjectPersister.java:369)
	at org.springframework.extensions.surf.persister.AbstractStoreObjectPersister.getAllObjects(AbstractStoreObjectPersister.java:306)
	at org.springframework.extensions.surf.persister.MultiObjectPersister.getAllObjects(MultiObjectPersister.java:346)
	at org.springframework.extensions.surf.ObjectPersistenceService.getAllObjects(ObjectPersistenceService.java:341)
	at org.springframework.extensions.surf.ModelObjectService.getAllObjects(ModelObjectService.java:602)
	at org.springframework.extensions.surf.ModuleDeploymentService.getAllConfiguredExtensionModules(ModuleDeploymentService.java:112)
	at org.springframework.extensions.surf.ModuleDeploymentService.getDeployedModules(ModuleDeploymentService.java:139)
	at org.springframework.extensions.surf.extensibility.impl.BasicExtensibilityModuleHandler.evaluateModules(BasicExtensibilityModuleHandler.java:240)
	at org.springframework.extensions.surf.support.AbstractRequestContext.getEvaluatedModules(AbstractRequestContext.java:929)
	at org.springframework.extensions.surf.support.AbstractRequestContext.getExtendingModuleFiles(AbstractRequestContext.java:950)
	at org.springframework.extensions.webscripts.WebTemplateProcessor.executeScriptBodyExtensions(WebTemplateProcessor.java:235)
	at org.springframework.extensions.webscripts.WebTemplateProcessor.executeBody(WebTemplateProcessor.java:333)
	at org.springframework.extensions.surf.render.AbstractProcessor.execute(AbstractProcessor.java:57)
	at org.springframework.extensions.surf.render.RenderService.processTemplate(RenderService.java:722)
	at org.springframework.extensions.surf.render.bean.TemplateInstanceRenderer.calculateComponentDependencies(TemplateInstanceRenderer.java:61)
	at org.springframework.extensions.surf.render.bean.TemplateInstanceRenderer.body(TemplateInstanceRenderer.java:118)
	at org.springframework.extensions.surf.render.AbstractRenderer.render(AbstractRenderer.java:77)
	at org.springframework.extensions.surf.render.bean.PageRenderer.body(PageRenderer.java:85)
	at org.springframework.extensions.surf.render.AbstractRenderer.render(AbstractRenderer.java:77)
	at org.springframework.extensions.surf.render.RenderService.renderPage(RenderService.java:763)
	at org.springframework.extensions.surf.mvc.PageView.dispatchPage(PageView.java:419)
	at org.springframework.extensions.surf.mvc.PageView.renderView(PageView.java:258)
	at org.springframework.extensions.surf.mvc.AbstractWebFrameworkView.renderMergedOutputModel(AbstractWebFrameworkView.java:316)
	at org.springframework.web.servlet.view.AbstractView.render(AbstractView.java:250)
	at org.springframework.web.servlet.DispatcherServlet.render(DispatcherServlet.java:1047)
	at org.springframework.web.servlet.DispatcherServlet.doDispatch(DispatcherServlet.java:817)
	at org.springframework.web.servlet.DispatcherServlet.doService(DispatcherServlet.java:719)
	at org.springframework.web.servlet.FrameworkServlet.processRequest(FrameworkServlet.java:644)
	at org.springframework.web.servlet.FrameworkServlet.doGet(FrameworkServlet.java:549)
	at javax.servlet.http.HttpServlet.service(HttpServlet.java:707)
	at javax.servlet.http.HttpServlet.service(HttpServlet.java:820)
	at org.mortbay.jetty.servlet.ServletHolder.handle(ServletHolder.java:511)
	at org.mortbay.jetty.servlet.ServletHandler$CachedChain.doFilter(ServletHandler.java:1166)
	at org.alfresco.web.site.servlet.MTAuthenticationFilter.doFilter(MTAuthenticationFilter.java:74)
	at org.mortbay.jetty.servlet.ServletHandler$CachedChain.doFilter(ServletHandler.java:1157)
	at org.alfresco.web.site.servlet.SSOAuthenticationFilter.doFilter(SSOAuthenticationFilter.java:307)
	at org.mortbay.jetty.servlet.ServletHandler$CachedChain.doFilter(ServletHandler.java:1157)
	at org.mortbay.jetty.servlet.ServletHandler.handle(ServletHandler.java:388)
	at org.mortbay.jetty.security.SecurityHandler.handle(SecurityHandler.java:216)
	at org.mortbay.jetty.servlet.SessionHandler.handle(SessionHandler.java:182)
	at org.mortbay.jetty.handler.ContextHandler.handle(ContextHandler.java:765)
	at org.mortbay.jetty.webapp.WebAppContext.handle(WebAppContext.java:418)
	at org.mortbay.jetty.handler.ContextHandlerCollection.handle(ContextHandlerCollection.java:230)
	at org.mortbay.jetty.handler.HandlerCollection.handle(HandlerCollection.java:114)
	at org.mortbay.jetty.handler.HandlerWrapper.handle(HandlerWrapper.java:152)
	at org.mortbay.jetty.Server.handle(Server.java:326)
	at org.mortbay.jetty.HttpConnection.handleRequest(HttpConnection.java:536)
	at org.mortbay.jetty.HttpConnection$RequestHandler.headerComplete(HttpConnection.java:915)
	at org.mortbay.jetty.HttpParser.parseNext(HttpParser.java:539)
	at org.mortbay.jetty.HttpParser.parseAvailable(HttpParser.java:212)
	at org.mortbay.jetty.HttpConnection.handle(HttpConnection.java:405)
	at org.mortbay.io.nio.SelectChannelEndPoint.run(SelectChannelEndPoint.java:409)
	at org.mortbay.thread.QueuedThreadPool$PoolThread.run(QueuedThreadPool.java:582)
Caused by: org.dom4j.DocumentException: Error on line 1 of document  : Premature end of file. Nested exception: Premature end of file.
	at org.dom4j.io.SAXReader.read(SAXReader.java:482)
	at org.dom4j.DocumentHelper.parseText(DocumentHelper.java:278)
	at org.springframework.extensions.surf.util.XMLUtil.parse(XMLUtil.java:220)
	at org.springframework.extensions.surf.util.XMLUtil.parse(XMLUtil.java:236)
	at org.springframework.extensions.surf.persister.ReadOnlyStoreObjectPersister.getObjectByPath(ReadOnlyStoreObjectPersister.java:587)
	... 53 more
